# JRE version: Java(TM) SE Runtime Environment (8.0_181-b13) (build 1.8.0_181-b13)
# Java VM: Java HotSpot(TM) 64-Bit Server VM (25.181-b13 mixed mode windows-amd64 compressed oops)
Heap:
 PSYoungGen      total 115712K, used 75489K [0x000000076b700000, 0x0000000774180000, 0x00000007c0000000)
  eden space 93696K, 63% used [0x000000076b700000,0x000000076f15afd0,0x0000000771280000)
  from space 22016K, 71% used [0x0000000771280000,0x00000007721dd670,0x0000000772800000)
  to   space 19456K, 0% used [0x0000000772800000,0x0000000772800000,0x0000000773b00000)
 ParOldGen       total 99328K, used 34874K [0x00000006c2400000, 0x00000006c8500000, 0x000000076b700000)
  object space 99328K, 35% used [0x00000006c2400000,0x00000006c460ea48,0x00000006c8500000)
 Metaspace       used 25106K, capacity 25724K, committed 25856K, reserved 1073152K
  class space    used 2848K, capacity 2985K, committed 3072K, reserved 1048576K
GC Heap History (10 events):
Event: 4.447 GC heap before
{Heap before GC invocations=6 (full 1):
 PSYoungGen      total 75776K, used 10730K [0x000000076b700000, 0x0000000770b80000, 0x00000007c0000000)
  eden space 65024K, 0% used [0x000000076b700000,0x000000076b700000,0x000000076f680000)
  from space 10752K, 99% used [0x000000076f680000,0x00000007700fa978,0x0000000770100000)
  to   space 10752K, 0% used [0x0000000770100000,0x0000000770100000,0x0000000770b80000)
 ParOldGen       total 173568K, used 3388K [0x00000006c2400000, 0x00000006ccd80000, 0x000000076b700000)
  object space 173568K, 1% used [0x00000006c2400000,0x00000006c274f3d0,0x00000006ccd80000)
 Metaspace       used 20634K, capacity 21132K, committed 21248K, reserved 1069056K
  class space    used 2411K, capacity 2523K, committed 2560K, reserved 1048576K
Event: 4.476 GC heap after
Heap after GC invocations=6 (full 1):
 PSYoungGen      total 75776K, used 0K [0x000000076b700000, 0x0000000770b80000, 0x00000007c0000000)
  eden space 65024K, 0% used [0x000000076b700000,0x000000076b700000,0x000000076f680000)
  from space 10752K, 0% used [0x000000076f680000,0x000000076f680000,0x0000000770100000)
  to   space 10752K, 0% used [0x0000000770100000,0x0000000770100000,0x0000000770b80000)
 ParOldGen       total 99328K, used 12641K [0x00000006c2400000, 0x00000006c8500000, 0x000000076b700000)
  object space 99328K, 12% used [0x00000006c2400000,0x00000006c3058668,0x00000006c8500000)
 Metaspace       used 20634K, capacity 21132K, committed 21248K, reserved 1069056K
  class space    used 2411K, capacity 2523K, committed 2560K, reserved 1048576K
}
Event: 5.241 GC heap before
{Heap before GC invocations=7 (full 1):
 PSYoungGen      total 75776K, used 65024K [0x000000076b700000, 0x0000000770b80000, 0x00000007c0000000)
  eden space 65024K, 100% used [0x000000076b700000,0x000000076f680000,0x000000076f680000)
  from space 10752K, 0% used [0x000000076f680000,0x000000076f680000,0x0000000770100000)
  to   space 10752K, 0% used [0x0000000770100000,0x0000000770100000,0x0000000770b80000)
 ParOldGen       total 99328K, used 12641K [0x00000006c2400000, 0x00000006c8500000, 0x000000076b700000)
  object space 99328K, 12% used [0x00000006c2400000,0x00000006c3058668,0x00000006c8500000)
 Metaspace       used 22731K, capacity 23340K, committed 23552K, reserved 1071104K
  class space    used 2641K, capacity 2747K, committed 2816K, reserved 1048576K
Event: 5.249 GC heap after
Heap after GC invocations=7 (full 1):
 PSYoungGen      total 67584K, used 10726K [0x000000076b700000, 0x0000000774780000, 0x00000007c0000000)
  eden space 56832K, 0% used [0x000000076b700000,0x000000076b700000,0x000000076ee80000)
  from space 10752K, 99% used [0x0000000770100000,0x0000000770b79968,0x0000000770b80000)
  to   space 18944K, 0% used [0x000000076ee80000,0x000000076ee80000,0x0000000770100000)
 ParOldGen       total 99328K, used 23863K [0x00000006c2400000, 0x00000006c8500000, 0x000000076b700000)
  object space 99328K, 24% used [0x00000006c2400000,0x00000006c3b4dd70,0x00000006c8500000)
 Metaspace       used 22731K, capacity 23340K, committed 23552K, reserved 1071104K
  class space    used 2641K, capacity 2747K, committed 2816K, reserved 1048576K
}
Event: 5.519 GC heap before
{Heap before GC invocations=8 (full 1):
 PSYoungGen      total 67584K, used 67558K [0x000000076b700000, 0x0000000774780000, 0x00000007c0000000)
  eden space 56832K, 100% used [0x000000076b700000,0x000000076ee80000,0x000000076ee80000)
  from space 10752K, 99% used [0x0000000770100000,0x0000000770b79968,0x0000000770b80000)
  to   space 18944K, 0% used [0x000000076ee80000,0x000000076ee80000,0x0000000770100000)
 ParOldGen       total 99328K, used 23863K [0x00000006c2400000, 0x00000006c8500000, 0x000000076b700000)
  object space 99328K, 24% used [0x00000006c2400000,0x00000006c3b4dd70,0x00000006c8500000)
 Metaspace       used 23192K, capacity 23756K, committed 24064K, reserved 1071104K
  class space    used 2658K, capacity 2779K, committed 2816K, reserved 1048576K
Event: 5.523 GC heap after
Heap after GC invocations=8 (full 1):
 PSYoungGen      total 75776K, used 15206K [0x000000076b700000, 0x0000000773b00000, 0x00000007c0000000)
  eden space 56832K, 0% used [0x000000076b700000,0x000000076b700000,0x000000076ee80000)
  from space 18944K, 80% used [0x000000076ee80000,0x000000076fd59878,0x0000000770100000)
  to   space 19456K, 0% used [0x0000000772800000,0x0000000772800000,0x0000000773b00000)
 ParOldGen       total 99328K, used 23871K [0x00000006c2400000, 0x00000006c8500000, 0x000000076b700000)
  object space 99328K, 24% used [0x00000006c2400000,0x00000006c3b4fd70,0x00000006c8500000)
 Metaspace       used 23192K, capacity 23756K, committed 24064K, reserved 1071104K
  class space    used 2658K, capacity 2779K, committed 2816K, reserved 1048576K
}
Event: 5.858 GC heap before
{Heap before GC invocations=9 (full 1):
 PSYoungGen      total 75776K, used 72038K [0x000000076b700000, 0x0000000773b00000, 0x00000007c0000000)
  eden space 56832K, 100% used [0x000000076b700000,0x000000076ee80000,0x000000076ee80000)
  from space 18944K, 80% used [0x000000076ee80000,0x000000076fd59878,0x0000000770100000)
  to   space 19456K, 0% used [0x0000000772800000,0x0000000772800000,0x0000000773b00000)
 ParOldGen       total 99328K, used 23871K [0x00000006c2400000, 0x00000006c8500000, 0x000000076b700000)
  object space 99328K, 24% used [0x00000006c2400000,0x00000006c3b4fd70,0x00000006c8500000)
 Metaspace       used 23298K, capacity 23884K, committed 24064K, reserved 1071104K
  class space    used 2661K, capacity 2779K, committed 2816K, reserved 1048576K
Event: 5.866 GC heap after
Heap after GC invocations=9 (full 1):
 PSYoungGen      total 113152K, used 19434K [0x000000076b700000, 0x0000000774180000, 0x00000007c0000000)
  eden space 93696K, 0% used [0x000000076b700000,0x000000076b700000,0x0000000771280000)
  from space 19456K, 99% used [0x0000000772800000,0x0000000773afa970,0x0000000773b00000)
  to   space 22016K, 0% used [0x0000000771280000,0x0000000771280000,0x0000000772800000)
 ParOldGen       total 99328K, used 24479K [0x00000006c2400000, 0x00000006c8500000, 0x000000076b700000)
  object space 99328K, 24% used [0x00000006c2400000,0x00000006c3be7db0,0x00000006c8500000)
 Metaspace       used 23298K, capacity 23884K, committed 24064K, reserved 1071104K
  class space    used 2661K, capacity 2779K, committed 2816K, reserved 1048576K
}
Event: 6.787 GC heap before
{Heap before GC invocations=10 (full 1):
 PSYoungGen      total 113152K, used 113130K [0x000000076b700000, 0x0000000774180000, 0x00000007c0000000)
  eden space 93696K, 100% used [0x000000076b700000,0x0000000771280000,0x0000000771280000)
  from space 19456K, 99% used [0x0000000772800000,0x0000000773afa970,0x0000000773b00000)
  to   space 22016K, 0% used [0x0000000771280000,0x0000000771280000,0x0000000772800000)
 ParOldGen       total 99328K, used 24479K [0x00000006c2400000, 0x00000006c8500000, 0x000000076b700000)
  object space 99328K, 24% used [0x00000006c2400000,0x00000006c3be7db0,0x00000006c8500000)
 Metaspace       used 25073K, capacity 25724K, committed 25856K, reserved 1073152K
  class space    used 2848K, capacity 2985K, committed 3072K, reserved 1048576K
Event: 6.797 GC heap after
Heap after GC invocations=10 (full 1):
 PSYoungGen      total 115712K, used 15733K [0x000000076b700000, 0x0000000774180000, 0x00000007c0000000)
  eden space 93696K, 0% used [0x000000076b700000,0x000000076b700000,0x0000000771280000)
  from space 22016K, 71% used [0x0000000771280000,0x00000007721dd670,0x0000000772800000)
  to   space 19456K, 0% used [0x0000000772800000,0x0000000772800000,0x0000000773b00000)
 ParOldGen       total 99328K, used 34874K [0x00000006c2400000, 0x00000006c8500000, 0x000000076b700000)
  object space 99328K, 35% used [0x00000006c2400000,0x00000006c460ea48,0x00000006c8500000)
 Metaspace       used 25073K, capacity 25724K, committed 25856K, reserved 1073152K
  class space    used 2848K, capacity 2985K, committed 3072K, reserved 1048576K
}

